<?xml version="1.0" encoding="UTF-8"?>
<testng-results ignored="0" total="1" passed="1" failed="0" skipped="0">
  <reporter-output>
    <line>
      <![CDATA[database connected]]>
    </line>
    <line>
      <![CDATA[logged in successfully]]>
    </line>
    <line>
      <![CDATA[verification successful]]>
    </line>
    <line>
      <![CDATA[logged put successfully]]>
    </line>
    <line>
      <![CDATA[browser closed]]>
    </line>
    <line>
      <![CDATA[database disconnected]]>
    </line>
  </reporter-output>
  <suite started-at="2024-08-25T10:31:17 IST" name="Default suite" finished-at="2024-08-25T10:31:34 IST" duration-ms="17674">
    <groups>
    </groups>
    <test started-at="2024-08-25T10:31:17 IST" name="Default test" finished-at="2024-08-25T10:31:34 IST" duration-ms="17674">
      <class name="com.Actitime.Testscripts.CreateCustomer">
        <test-method is-config="true" signature="databaseConnection()[pri:0, instance:com.Actitime.Testscripts.CreateCustomer@f1da57d]" started-at="2024-08-25T10:31:17 IST" name="databaseConnection" finished-at="2024-08-25T10:31:17 IST" duration-ms="36" status="PASS">
          <reporter-output>
            <line>
              <![CDATA[database connected]]>
            </line>
          </reporter-output>
        </test-method> <!-- databaseConnection -->
        <test-method is-config="true" signature="launchBrowser()[pri:0, instance:com.Actitime.Testscripts.CreateCustomer@f1da57d]" started-at="2024-08-25T10:31:17 IST" name="launchBrowser" finished-at="2024-08-25T10:31:24 IST" duration-ms="7098" status="PASS">
          <reporter-output>
          </reporter-output>
        </test-method> <!-- launchBrowser -->
        <test-method is-config="true" signature="login()[pri:0, instance:com.Actitime.Testscripts.CreateCustomer@f1da57d]" started-at="2024-08-25T10:31:24 IST" name="login" finished-at="2024-08-25T10:31:24 IST" duration-ms="471" status="PASS">
          <reporter-output>
            <line>
              <![CDATA[logged in successfully]]>
            </line>
          </reporter-output>
        </test-method> <!-- login -->
        <test-method signature="addCustomer()[pri:0, instance:com.Actitime.Testscripts.CreateCustomer@f1da57d]" started-at="2024-08-25T10:31:24 IST" name="addCustomer" finished-at="2024-08-25T10:31:33 IST" duration-ms="8381" status="PASS">
          <reporter-output>
            <line>
              <![CDATA[verification successful]]>
            </line>
          </reporter-output>
        </test-method> <!-- addCustomer -->
        <test-method is-config="true" signature="logout()[pri:0, instance:com.Actitime.Testscripts.CreateCustomer@f1da57d]" started-at="2024-08-25T10:31:33 IST" name="logout" finished-at="2024-08-25T10:31:34 IST" duration-ms="1044" status="PASS">
          <reporter-output>
            <line>
              <![CDATA[logged put successfully]]>
            </line>
          </reporter-output>
        </test-method> <!-- logout -->
        <test-method is-config="true" signature="closeBrowser()[pri:0, instance:com.Actitime.Testscripts.CreateCustomer@f1da57d]" started-at="2024-08-25T10:31:34 IST" name="closeBrowser" finished-at="2024-08-25T10:31:34 IST" duration-ms="599" status="PASS">
          <reporter-output>
            <line>
              <![CDATA[browser closed]]>
            </line>
          </reporter-output>
        </test-method> <!-- closeBrowser -->
        <test-method is-config="true" signature="databaseDisconnection()[pri:0, instance:com.Actitime.Testscripts.CreateCustomer@f1da57d]" started-at="2024-08-25T10:31:34 IST" name="databaseDisconnection" finished-at="2024-08-25T10:31:34 IST" duration-ms="3" status="PASS">
          <reporter-output>
            <line>
              <![CDATA[database disconnected]]>
            </line>
          </reporter-output>
        </test-method> <!-- databaseDisconnection -->
      </class> <!-- com.Actitime.Testscripts.CreateCustomer -->
    </test> <!-- Default test -->
  </suite> <!-- Default suite -->
</testng-results>
